mode: atomic
bruno-api/main.go:148.13,151.2 1 1
bruno-api/main.go:158.69,160.16 2 0
bruno-api/main.go:160.16,162.3 1 0
bruno-api/main.go:164.2,165.16 2 0
bruno-api/main.go:165.16,167.3 1 0
bruno-api/main.go:169.2,169.64 1 0
bruno-api/main.go:169.64,171.3 1 0
bruno-api/main.go:173.2,173.21 1 0
bruno-api/main.go:177.90,178.16 1 0
bruno-api/main.go:178.16,180.3 1 0
bruno-api/main.go:182.2,182.54 1 0
bruno-api/main.go:182.54,184.3 1 0
bruno-api/main.go:188.50,189.16 1 0
bruno-api/main.go:189.16,191.3 1 0
bruno-api/main.go:199.111,209.2 2 0
bruno-api/main.go:212.121,222.2 2 0
bruno-api/main.go:229.68,231.42 2 0
bruno-api/main.go:231.42,234.3 2 0
bruno-api/main.go:235.2,236.22 2 0
bruno-api/main.go:240.67,242.2 1 0
bruno-api/main.go:245.59,247.2 1 0
bruno-api/main.go:254.46,255.42 1 0
bruno-api/main.go:255.42,257.3 1 0
bruno-api/main.go:258.2,258.21 1 0
bruno-api/main.go:262.44,264.16 2 0
bruno-api/main.go:264.16,266.3 1 0
bruno-api/main.go:267.2,268.36 2 0
bruno-api/main.go:272.83,276.16 4 0
bruno-api/main.go:276.16,278.3 1 0
bruno-api/main.go:279.2,279.14 1 0
bruno-api/main.go:283.35,285.2 1 0
bruno-api/main.go:288.39,290.2 1 0
bruno-api/main.go:293.42,296.35 3 0
bruno-api/main.go:296.35,298.3 1 0
bruno-api/main.go:299.2,299.15 1 0
bruno-api/main.go:303.32,304.59 1 0
bruno-api/main.go:304.59,306.3 1 0
bruno-api/main.go:308.2,309.21 2 0
bruno-api/main.go:309.21,310.30 1 0
bruno-api/main.go:310.30,311.39 1 0
bruno-api/main.go:311.39,313.5 1 0
bruno-api/main.go:314.4,314.30 1 0
bruno-api/main.go:314.30,315.33 1 0
bruno-api/main.go:315.33,317.6 1 0
bruno-api/main.go:319.4,320.30 2 0
bruno-api/main.go:320.30,322.5 1 0
bruno-api/main.go:323.4,323.17 1 0
bruno-api/main.go:323.17,325.5 1 0
bruno-api/main.go:326.4,326.39 1 0
bruno-api/main.go:326.39,328.5 1 0
bruno-api/main.go:330.3,330.14 1 0
bruno-api/main.go:332.2,332.14 1 0
bruno-api/main.go:336.50,338.29 2 0
bruno-api/main.go:338.29,339.15 1 0
bruno-api/main.go:339.15,341.4 1 0
bruno-api/main.go:343.2,343.14 1 0
bruno-api/main.go:347.52,349.29 2 0
bruno-api/main.go:349.29,350.16 1 0
bruno-api/main.go:350.16,352.4 1 0
bruno-api/main.go:354.2,354.14 1 0
bruno-api/main.go:362.40,389.2 1 0
bruno-api/main.go:396.15,398.17 2 0
bruno-api/main.go:398.17,408.3 6 0
bruno-api/main.go:410.2,412.16 3 0
bruno-api/main.go:412.16,414.3 1 0
bruno-api/main.go:416.2,416.34 1 0
bruno-api/main.go:416.34,418.3 1 0
bruno-api/main.go:420.2,420.55 1 0
bruno-api/main.go:424.18,426.20 2 0
bruno-api/main.go:426.20,432.26 4 0
bruno-api/main.go:432.26,434.4 1 0
bruno-api/main.go:434.9,436.4 1 0
bruno-api/main.go:439.2,440.16 2 0
bruno-api/main.go:440.16,444.3 3 0
bruno-api/main.go:446.2,449.44 3 0
bruno-api/main.go:449.44,453.3 3 0
bruno-api/main.go:455.2,455.52 1 0
bruno-api/main.go:463.44,464.30 1 0
bruno-api/main.go:464.30,472.50 5 0
bruno-api/main.go:472.50,473.38 1 0
bruno-api/main.go:473.38,475.5 1 0
bruno-api/main.go:477.3,480.41 2 0
bruno-api/main.go:480.41,485.4 4 0
bruno-api/main.go:488.3,491.11 3 0
bruno-api/main.go:496.45,497.30 1 0
bruno-api/main.go:497.30,499.17 2 0
bruno-api/main.go:499.17,501.4 1 0
bruno-api/main.go:502.3,504.72 2 0
bruno-api/main.go:504.72,506.4 1 0
bruno-api/main.go:507.3,510.87 3 0
bruno-api/main.go:519.34,526.70 2 0
bruno-api/main.go:526.70,530.3 2 0
bruno-api/main.go:535.2,544.16 4 0
bruno-api/main.go:544.16,549.3 3 0
bruno-api/main.go:550.2,553.18 3 0
bruno-api/main.go:553.18,558.169 5 0
bruno-api/main.go:558.169,559.12 1 0
bruno-api/main.go:562.3,562.20 1 0
bruno-api/main.go:562.20,564.4 1 0
bruno-api/main.go:564.9,564.29 1 0
bruno-api/main.go:564.29,566.4 1 0
bruno-api/main.go:567.3,567.21 1 0
bruno-api/main.go:567.21,569.4 1 0
bruno-api/main.go:571.3,572.33 2 0
bruno-api/main.go:576.2,579.45 2 0
bruno-api/main.go:583.37,597.16 5 0
bruno-api/main.go:597.16,602.3 3 0
bruno-api/main.go:603.2,606.18 3 0
bruno-api/main.go:606.18,611.169 5 0
bruno-api/main.go:611.169,612.12 1 0
bruno-api/main.go:614.3,614.20 1 0
bruno-api/main.go:614.20,616.4 1 0
bruno-api/main.go:616.9,616.29 1 0
bruno-api/main.go:616.29,618.4 1 0
bruno-api/main.go:619.3,619.21 1 0
bruno-api/main.go:619.21,621.4 1 0
bruno-api/main.go:623.3,624.33 2 0
bruno-api/main.go:627.2,635.4 2 0
bruno-api/main.go:639.38,646.21 3 0
bruno-api/main.go:646.21,649.3 2 0
bruno-api/main.go:651.2,652.16 2 0
bruno-api/main.go:652.16,656.3 2 0
bruno-api/main.go:658.2,659.23 2 0
bruno-api/main.go:659.23,662.3 2 0
bruno-api/main.go:664.2,669.4 2 0
bruno-api/main.go:673.40,679.21 5 0
bruno-api/main.go:679.21,682.3 2 0
bruno-api/main.go:684.2,685.16 2 0
bruno-api/main.go:685.16,689.3 3 0
bruno-api/main.go:691.2,692.23 2 0
bruno-api/main.go:692.23,695.3 2 0
bruno-api/main.go:697.2,702.4 3 0
bruno-api/main.go:706.38,713.16 6 0
bruno-api/main.go:713.16,717.3 3 0
bruno-api/main.go:719.2,720.16 2 0
bruno-api/main.go:720.16,724.3 3 0
bruno-api/main.go:726.2,732.4 2 0
bruno-api/main.go:736.31,740.67 2 0
bruno-api/main.go:740.67,743.3 2 0
bruno-api/main.go:745.2,747.16 3 0
bruno-api/main.go:747.16,750.3 2 0
bruno-api/main.go:752.2,761.34 3 0
bruno-api/main.go:765.33,769.71 2 0
bruno-api/main.go:769.71,772.3 2 0
bruno-api/main.go:774.2,783.36 3 0
bruno-api/main.go:787.32,793.66 4 0
bruno-api/main.go:793.66,797.3 3 0
bruno-api/main.go:799.2,804.16 2 0
bruno-api/main.go:804.16,808.3 3 0
bruno-api/main.go:809.2,812.18 3 0
bruno-api/main.go:812.18,815.17 3 0
bruno-api/main.go:815.17,817.12 2 0
bruno-api/main.go:819.3,819.33 1 0
bruno-api/main.go:822.2,822.34 1 0
bruno-api/main.go:822.34,826.3 3 0
bruno-api/main.go:828.2,829.43 2 0
bruno-api/main.go:833.36,839.75 4 0
bruno-api/main.go:839.75,843.3 3 0
bruno-api/main.go:845.2,850.16 2 0
bruno-api/main.go:850.16,854.3 3 0
bruno-api/main.go:855.2,858.18 3 0
bruno-api/main.go:858.18,862.17 4 0
bruno-api/main.go:862.17,864.12 2 0
bruno-api/main.go:867.3,867.77 1 0
bruno-api/main.go:867.77,869.4 1 0
bruno-api/main.go:871.3,871.39 1 0
bruno-api/main.go:874.2,874.34 1 0
bruno-api/main.go:874.34,878.3 3 0
bruno-api/main.go:880.2,881.47 2 0
bruno-api/main.go:885.33,892.49 2 0
bruno-api/main.go:892.49,895.3 2 0
bruno-api/main.go:897.2,897.20 1 0
bruno-api/main.go:897.20,899.3 1 0
bruno-api/main.go:901.2,901.26 1 0
bruno-api/main.go:901.26,904.3 2 0
bruno-api/main.go:906.2,909.58 3 0
bruno-api/main.go:909.58,912.3 2 0
bruno-api/main.go:914.2,922.16 2 0
bruno-api/main.go:922.16,926.3 3 0
bruno-api/main.go:928.2,928.51 1 0
bruno-api/main.go:935.13,937.40 1 0
bruno-api/main.go:937.40,939.3 1 0
bruno-api/main.go:954.2,958.16 4 0
bruno-api/main.go:958.16,960.3 1 0
bruno-api/main.go:963.2,982.40 13 0
bruno-api/main.go:982.40,984.3 1 0
bruno-api/main.go:987.2,991.2 3 0
bruno-api/main.go:991.2,998.3 6 0
bruno-api/main.go:1001.2,1002.2 2 0
bruno-api/main.go:1002.2,1007.3 4 0
bruno-api/main.go:1010.2,1012.42 3 0
bruno-api/main.go:1012.42,1014.3 1 0
